This is pdfTeX, Version 3.14159265-2.6-1.40.16 (TeX Live 2016/dev) (preloaded format=pdflatex 2016.9.9)  16 NOV 2016 08:47
entering extended mode
 restricted \write18 enabled.
 %&-line parsing enabled.
**RASD.tex
(./RASD.tex
LaTeX2e <2015/01/01> patch level 2
Babel <3.9m> and hyphenation patterns for 3 languages loaded.
(/usr/share/texlive/texmf-dist/tex/latex/base/article.cls
Document Class: article 2014/09/29 v1.4h Standard LaTeX document class
(/usr/share/texlive/texmf-dist/tex/latex/base/size10.clo
File: size10.clo 2014/09/29 v1.4h Standard LaTeX file (size option)
)
\c@part=\count79
\c@section=\count80
\c@subsection=\count81
\c@subsubsection=\count82
\c@paragraph=\count83
\c@subparagraph=\count84
\c@figure=\count85
\c@table=\count86
\abovecaptionskip=\skip41
\belowcaptionskip=\skip42
\bibindent=\dimen102
)
(/usr/share/texlive/texmf-dist/tex/latex/base/fontenc.sty
Package: fontenc 2005/09/27 v1.99g Standard LaTeX package

(/usr/share/texlive/texmf-dist/tex/latex/base/t1enc.def
File: t1enc.def 2005/09/27 v1.99g Standard LaTeX file
LaTeX Font Info:    Redeclaring font encoding T1 on input line 48.
))
(/usr/share/texlive/texmf-dist/tex/latex/base/inputenc.sty
Package: inputenc 2015/03/17 v1.2c Input encoding file
\inpenc@prehook=\toks14
\inpenc@posthook=\toks15

(/usr/share/texlive/texmf-dist/tex/latex/base/utf8.def
File: utf8.def 2015/06/27 v1.1n UTF-8 support for inputenc
Now handling font encoding OML ...
... no UTF-8 mapping file for font encoding OML
Now handling font encoding T1 ...
... processing UTF-8 mapping file for font encoding T1

(/usr/share/texlive/texmf-dist/tex/latex/base/t1enc.dfu
File: t1enc.dfu 2015/06/27 v1.1n UTF-8 support for inputenc
   defining Unicode char U+00A1 (decimal 161)
   defining Unicode char U+00A3 (decimal 163)
   defining Unicode char U+00AB (decimal 171)
   defining Unicode char U+00BB (decimal 187)
   defining Unicode char U+00BF (decimal 191)
   defining Unicode char U+00C0 (decimal 192)
   defining Unicode char U+00C1 (decimal 193)
   defining Unicode char U+00C2 (decimal 194)
   defining Unicode char U+00C3 (decimal 195)
   defining Unicode char U+00C4 (decimal 196)
   defining Unicode char U+00C5 (decimal 197)
   defining Unicode char U+00C6 (decimal 198)
   defining Unicode char U+00C7 (decimal 199)
   defining Unicode char U+00C8 (decimal 200)
   defining Unicode char U+00C9 (decimal 201)
   defining Unicode char U+00CA (decimal 202)
   defining Unicode char U+00CB (decimal 203)
   defining Unicode char U+00CC (decimal 204)
   defining Unicode char U+00CD (decimal 205)
   defining Unicode char U+00CE (decimal 206)
   defining Unicode char U+00CF (decimal 207)
   defining Unicode char U+00D0 (decimal 208)
   defining Unicode char U+00D1 (decimal 209)
   defining Unicode char U+00D2 (decimal 210)
   defining Unicode char U+00D3 (decimal 211)
   defining Unicode char U+00D4 (decimal 212)
   defining Unicode char U+00D5 (decimal 213)
   defining Unicode char U+00D6 (decimal 214)
   defining Unicode char U+00D8 (decimal 216)
   defining Unicode char U+00D9 (decimal 217)
   defining Unicode char U+00DA (decimal 218)
   defining Unicode char U+00DB (decimal 219)
   defining Unicode char U+00DC (decimal 220)
   defining Unicode char U+00DD (decimal 221)
   defining Unicode char U+00DE (decimal 222)
   defining Unicode char U+00DF (decimal 223)
   defining Unicode char U+00E0 (decimal 224)
   defining Unicode char U+00E1 (decimal 225)
   defining Unicode char U+00E2 (decimal 226)
   defining Unicode char U+00E3 (decimal 227)
   defining Unicode char U+00E4 (decimal 228)
   defining Unicode char U+00E5 (decimal 229)
   defining Unicode char U+00E6 (decimal 230)
   defining Unicode char U+00E7 (decimal 231)
   defining Unicode char U+00E8 (decimal 232)
   defining Unicode char U+00E9 (decimal 233)
   defining Unicode char U+00EA (decimal 234)
   defining Unicode char U+00EB (decimal 235)
   defining Unicode char U+00EC (decimal 236)
   defining Unicode char U+00ED (decimal 237)
   defining Unicode char U+00EE (decimal 238)
   defining Unicode char U+00EF (decimal 239)
   defining Unicode char U+00F0 (decimal 240)
   defining Unicode char U+00F1 (decimal 241)
   defining Unicode char U+00F2 (decimal 242)
   defining Unicode char U+00F3 (decimal 243)
   defining Unicode char U+00F4 (decimal 244)
   defining Unicode char U+00F5 (decimal 245)
   defining Unicode char U+00F6 (decimal 246)
   defining Unicode char U+00F8 (decimal 248)
   defining Unicode char U+00F9 (decimal 249)
   defining Unicode char U+00FA (decimal 250)
   defining Unicode char U+00FB (decimal 251)
   defining Unicode char U+00FC (decimal 252)
   defining Unicode char U+00FD (decimal 253)
   defining Unicode char U+00FE (decimal 254)
   defining Unicode char U+00FF (decimal 255)
   defining Unicode char U+0102 (decimal 258)
   defining Unicode char U+0103 (decimal 259)
   defining Unicode char U+0104 (decimal 260)
   defining Unicode char U+0105 (decimal 261)
   defining Unicode char U+0106 (decimal 262)
   defining Unicode char U+0107 (decimal 263)
   defining Unicode char U+010C (decimal 268)
   defining Unicode char U+010D (decimal 269)
   defining Unicode char U+010E (decimal 270)
   defining Unicode char U+010F (decimal 271)
   defining Unicode char U+0110 (decimal 272)
   defining Unicode char U+0111 (decimal 273)
   defining Unicode char U+0118 (decimal 280)
   defining Unicode char U+0119 (decimal 281)
   defining Unicode char U+011A (decimal 282)
   defining Unicode char U+011B (decimal 283)
   defining Unicode char U+011E (decimal 286)
   defining Unicode char U+011F (decimal 287)
   defining Unicode char U+0130 (decimal 304)
   defining Unicode char U+0131 (decimal 305)
   defining Unicode char U+0132 (decimal 306)
   defining Unicode char U+0133 (decimal 307)
   defining Unicode char U+0139 (decimal 313)
   defining Unicode char U+013A (decimal 314)
   defining Unicode char U+013D (decimal 317)
   defining Unicode char U+013E (decimal 318)
   defining Unicode char U+0141 (decimal 321)
   defining Unicode char U+0142 (decimal 322)
   defining Unicode char U+0143 (decimal 323)
   defining Unicode char U+0144 (decimal 324)
   defining Unicode char U+0147 (decimal 327)
   defining Unicode char U+0148 (decimal 328)
   defining Unicode char U+014A (decimal 330)
   defining Unicode char U+014B (decimal 331)
   defining Unicode char U+0150 (decimal 336)
   defining Unicode char U+0151 (decimal 337)
   defining Unicode char U+0152 (decimal 338)
   defining Unicode char U+0153 (decimal 339)
   defining Unicode char U+0154 (decimal 340)
   defining Unicode char U+0155 (decimal 341)
   defining Unicode char U+0158 (decimal 344)
   defining Unicode char U+0159 (decimal 345)
   defining Unicode char U+015A (decimal 346)
   defining Unicode char U+015B (decimal 347)
   defining Unicode char U+015E (decimal 350)
   defining Unicode char U+015F (decimal 351)
   defining Unicode char U+0160 (decimal 352)
   defining Unicode char U+0161 (decimal 353)
   defining Unicode char U+0162 (decimal 354)
   defining Unicode char U+0163 (decimal 355)
   defining Unicode char U+0164 (decimal 356)
   defining Unicode char U+0165 (decimal 357)
   defining Unicode char U+016E (decimal 366)
   defining Unicode char U+016F (decimal 367)
   defining Unicode char U+0170 (decimal 368)
   defining Unicode char U+0171 (decimal 369)
   defining Unicode char U+0178 (decimal 376)
   defining Unicode char U+0179 (decimal 377)
   defining Unicode char U+017A (decimal 378)
   defining Unicode char U+017B (decimal 379)
   defining Unicode char U+017C (decimal 380)
   defining Unicode char U+017D (decimal 381)
   defining Unicode char U+017E (decimal 382)
   defining Unicode char U+200C (decimal 8204)
   defining Unicode char U+2013 (decimal 8211)
   defining Unicode char U+2014 (decimal 8212)
   defining Unicode char U+2018 (decimal 8216)
   defining Unicode char U+2019 (decimal 8217)
   defining Unicode char U+201A (decimal 8218)
   defining Unicode char U+201C (decimal 8220)
   defining Unicode char U+201D (decimal 8221)
   defining Unicode char U+201E (decimal 8222)
   defining Unicode char U+2030 (decimal 8240)
   defining Unicode char U+2031 (decimal 8241)
   defining Unicode char U+2039 (decimal 8249)
   defining Unicode char U+203A (decimal 8250)
   defining Unicode char U+2423 (decimal 9251)
)
Now handling font encoding OT1 ...
... processing UTF-8 mapping file for font encoding OT1

(/usr/share/texlive/texmf-dist/tex/latex/base/ot1enc.dfu
File: ot1enc.dfu 2015/06/27 v1.1n UTF-8 support for inputenc
   defining Unicode char U+00A1 (decimal 161)
   defining Unicode char U+00A3 (decimal 163)
   defining Unicode char U+00B8 (decimal 184)
   defining Unicode char U+00BF (decimal 191)
   defining Unicode char U+00C5 (decimal 197)
   defining Unicode char U+00C6 (decimal 198)
   defining Unicode char U+00D8 (decimal 216)
   defining Unicode char U+00DF (decimal 223)
   defining Unicode char U+00E6 (decimal 230)
   defining Unicode char U+00EC (decimal 236)
   defining Unicode char U+00ED (decimal 237)
   defining Unicode char U+00EE (decimal 238)
   defining Unicode char U+00EF (decimal 239)
   defining Unicode char U+00F8 (decimal 248)
   defining Unicode char U+0131 (decimal 305)
   defining Unicode char U+0141 (decimal 321)
   defining Unicode char U+0142 (decimal 322)
   defining Unicode char U+0152 (decimal 338)
   defining Unicode char U+0153 (decimal 339)
   defining Unicode char U+2013 (decimal 8211)
   defining Unicode char U+2014 (decimal 8212)
   defining Unicode char U+2018 (decimal 8216)
   defining Unicode char U+2019 (decimal 8217)
   defining Unicode char U+201C (decimal 8220)
   defining Unicode char U+201D (decimal 8221)
)
Now handling font encoding OMS ...
... processing UTF-8 mapping file for font encoding OMS

(/usr/share/texlive/texmf-dist/tex/latex/base/omsenc.dfu
File: omsenc.dfu 2015/06/27 v1.1n UTF-8 support for inputenc
   defining Unicode char U+00A7 (decimal 167)
   defining Unicode char U+00B6 (decimal 182)
   defining Unicode char U+00B7 (decimal 183)
   defining Unicode char U+2020 (decimal 8224)
   defining Unicode char U+2021 (decimal 8225)
   defining Unicode char U+2022 (decimal 8226)
)
Now handling font encoding OMX ...
... no UTF-8 mapping file for font encoding OMX
Now handling font encoding U ...
... no UTF-8 mapping file for font encoding U
   defining Unicode char U+00A9 (decimal 169)
   defining Unicode char U+00AA (decimal 170)
   defining Unicode char U+00AE (decimal 174)
   defining Unicode char U+00BA (decimal 186)
   defining Unicode char U+02C6 (decimal 710)
   defining Unicode char U+02DC (decimal 732)
   defining Unicode char U+200C (decimal 8204)
   defining Unicode char U+2026 (decimal 8230)
   defining Unicode char U+2122 (decimal 8482)
   defining Unicode char U+2423 (decimal 9251)
))
(/usr/share/texlive/texmf-dist/tex/generic/babel/babel.sty
Package: babel 2015/08/03 3.9m The Babel package

(/usr/share/texlive/texmf-dist/tex/generic/babel-english/english.ldf
Language: english 2012/08/20 v3.3p English support from the babel system

(/usr/share/texlive/texmf-dist/tex/generic/babel/babel.def
File: babel.def 2015/08/03 3.9m Babel common definitions
\babel@savecnt=\count87
\U@D=\dimen103
)
\l@british = a dialect from \language\l@english 
\l@UKenglish = a dialect from \language\l@english 
\l@canadian = a dialect from \language\l@american 
\l@australian = a dialect from \language\l@british 
\l@newzealand = a dialect from \language\l@british 
))
(/usr/share/texlive/texmf-dist/tex/latex/hyperref/hyperref.sty
Package: hyperref 2012/11/06 v6.83m Hypertext links for LaTeX

(/usr/share/texlive/texmf-dist/tex/generic/oberdiek/hobsub-hyperref.sty
Package: hobsub-hyperref 2012/05/28 v1.13 Bundle oberdiek, subset hyperref (HO)


(/usr/share/texlive/texmf-dist/tex/generic/oberdiek/hobsub-generic.sty
Package: hobsub-generic 2012/05/28 v1.13 Bundle oberdiek, subset generic (HO)
Package: hobsub 2012/05/28 v1.13 Construct package bundles (HO)
Package: infwarerr 2010/04/08 v1.3 Providing info/warning/error messages (HO)
Package: ltxcmds 2011/11/09 v1.22 LaTeX kernel commands for general use (HO)
Package: ifluatex 2010/03/01 v1.3 Provides the ifluatex switch (HO)
Package ifluatex Info: LuaTeX not detected.
Package: ifvtex 2010/03/01 v1.5 Detect VTeX and its facilities (HO)
Package ifvtex Info: VTeX not detected.
Package: intcalc 2007/09/27 v1.1 Expandable calculations with integers (HO)
Package: ifpdf 2011/01/30 v2.3 Provides the ifpdf switch (HO)
Package ifpdf Info: pdfTeX in PDF mode is detected.
Package: etexcmds 2011/02/16 v1.5 Avoid name clashes with e-TeX commands (HO)
Package etexcmds Info: Could not find \expanded.
(etexcmds)             That can mean that you are not using pdfTeX 1.50 or
(etexcmds)             that some package has redefined \expanded.
(etexcmds)             In the latter case, load this package earlier.
Package: kvsetkeys 2012/04/25 v1.16 Key value parser (HO)
Package: kvdefinekeys 2011/04/07 v1.3 Define keys (HO)
Package: pdftexcmds 2011/11/29 v0.20 Utility functions of pdfTeX for LuaTeX (HO
)
Package pdftexcmds Info: LuaTeX not detected.
Package pdftexcmds Info: \pdf@primitive is available.
Package pdftexcmds Info: \pdf@ifprimitive is available.
Package pdftexcmds Info: \pdfdraftmode found.
Package: pdfescape 2011/11/25 v1.13 Implements pdfTeX's escape features (HO)
Package: bigintcalc 2012/04/08 v1.3 Expandable calculations on big integers (HO
)
Package: bitset 2011/01/30 v1.1 Handle bit-vector datatype (HO)
Package: uniquecounter 2011/01/30 v1.2 Provide unlimited unique counter (HO)
)
Package hobsub Info: Skipping package `hobsub' (already loaded).
Package: letltxmacro 2010/09/02 v1.4 Let assignment for LaTeX macros (HO)
Package: hopatch 2012/05/28 v1.2 Wrapper for package hooks (HO)
Package: xcolor-patch 2011/01/30 xcolor patch
Package: atveryend 2011/06/30 v1.8 Hooks at the very end of document (HO)
Package atveryend Info: \enddocument detected (standard20110627).
Package: atbegshi 2011/10/05 v1.16 At begin shipout hook (HO)
Package: refcount 2011/10/16 v3.4 Data extraction from label references (HO)
Package: hycolor 2011/01/30 v1.7 Color options for hyperref/bookmark (HO)
)
(/usr/share/texlive/texmf-dist/tex/latex/graphics/keyval.sty
Package: keyval 2014/10/28 v1.15 key=value parser (DPC)
\KV@toks@=\toks16
)
(/usr/share/texlive/texmf-dist/tex/generic/ifxetex/ifxetex.sty
Package: ifxetex 2010/09/12 v0.6 Provides ifxetex conditional
)
(/usr/share/texlive/texmf-dist/tex/latex/oberdiek/auxhook.sty
Package: auxhook 2011/03/04 v1.3 Hooks for auxiliary files (HO)
)
(/usr/share/texlive/texmf-dist/tex/latex/oberdiek/kvoptions.sty
Package: kvoptions 2011/06/30 v3.11 Key value format for package options (HO)
)
\@linkdim=\dimen104
\Hy@linkcounter=\count88
\Hy@pagecounter=\count89

(/usr/share/texlive/texmf-dist/tex/latex/hyperref/pd1enc.def
File: pd1enc.def 2012/11/06 v6.83m Hyperref: PDFDocEncoding definition (HO)
Now handling font encoding PD1 ...
... no UTF-8 mapping file for font encoding PD1
)
\Hy@SavedSpaceFactor=\count90

(/usr/share/texlive/texmf-dist/tex/latex/latexconfig/hyperref.cfg
File: hyperref.cfg 2002/06/06 v1.2 hyperref configuration of TeXLive
)
Package hyperref Info: Option `unicode' set `true' on input line 4319.

(/usr/share/texlive/texmf-dist/tex/latex/hyperref/puenc.def
File: puenc.def 2012/11/06 v6.83m Hyperref: PDF Unicode definition (HO)
Now handling font encoding PU ...
... no UTF-8 mapping file for font encoding PU
)
Package hyperref Info: Option `pdfusetitle' set `true' on input line 4319.
Package hyperref Info: Option `bookmarks' set `true' on input line 4319.
Package hyperref Info: Option `bookmarksnumbered' set `false' on input line 431
9.
Package hyperref Info: Option `bookmarksopen' set `false' on input line 4319.
Package hyperref Info: Option `breaklinks' set `true' on input line 4319.
Package hyperref Info: Option `colorlinks' set `false' on input line 4319.
Package hyperref Info: Hyper figures OFF on input line 4443.
Package hyperref Info: Link nesting OFF on input line 4448.
Package hyperref Info: Hyper index ON on input line 4451.
Package hyperref Info: Plain pages OFF on input line 4458.
Package hyperref Info: Backreferencing OFF on input line 4463.
Package hyperref Info: Implicit mode ON; LaTeX internals redefined.
Package hyperref Info: Bookmarks ON on input line 4688.
\c@Hy@tempcnt=\count91

(/usr/share/texlive/texmf-dist/tex/latex/url/url.sty
\Urlmuskip=\muskip10
Package: url 2013/09/16  ver 3.4  Verb mode for urls, etc.
)
LaTeX Info: Redefining \url on input line 5041.
\XeTeXLinkMargin=\dimen105
\Fld@menulength=\count92
\Field@Width=\dimen106
\Fld@charsize=\dimen107
Package hyperref Info: Hyper figures OFF on input line 6295.
Package hyperref Info: Link nesting OFF on input line 6300.
Package hyperref Info: Hyper index ON on input line 6303.
Package hyperref Info: backreferencing OFF on input line 6310.
Package hyperref Info: Link coloring OFF on input line 6315.
Package hyperref Info: Link coloring with OCG OFF on input line 6320.
Package hyperref Info: PDF/A mode OFF on input line 6325.
LaTeX Info: Redefining \ref on input line 6365.
LaTeX Info: Redefining \pageref on input line 6369.
\Hy@abspage=\count93
\c@Item=\count94
\c@Hfootnote=\count95
)

Package hyperref Message: Driver (autodetected): hpdftex.

(/usr/share/texlive/texmf-dist/tex/latex/hyperref/hpdftex.def
File: hpdftex.def 2012/11/06 v6.83m Hyperref driver for pdfTeX
\Fld@listcount=\count96
\c@bookmark@seq@number=\count97

(/usr/share/texlive/texmf-dist/tex/latex/oberdiek/rerunfilecheck.sty
Package: rerunfilecheck 2011/04/15 v1.7 Rerun checks for auxiliary files (HO)
Package uniquecounter Info: New unique counter `rerunfilecheck' on input line 2
82.
)
\Hy@SectionHShift=\skip43
)
(/usr/share/texlive/texmf-dist/tex/latex/tools/tabularx.sty
Package: tabularx 2014/10/28 v2.10 `tabularx' package (DPC)

(/usr/share/texlive/texmf-dist/tex/latex/tools/array.sty
Package: array 2014/10/28 v2.4c Tabular extension package (FMi)
\col@sep=\dimen108
\extrarowheight=\dimen109
\NC@list=\toks17
\extratabsurround=\skip44
\backup@length=\skip45
)
\TX@col@width=\dimen110
\TX@old@table=\dimen111
\TX@old@col=\dimen112
\TX@target=\dimen113
\TX@delta=\dimen114
\TX@cols=\count98
\TX@ftn=\toks18
)
(/usr/share/texlive/texmf-dist/tex/latex/graphics/graphicx.sty
Package: graphicx 2014/10/28 v1.0g Enhanced LaTeX Graphics (DPC,SPQR)

(/usr/share/texlive/texmf-dist/tex/latex/graphics/graphics.sty
Package: graphics 2014/10/28 v1.0p Standard LaTeX Graphics (DPC,SPQR)

(/usr/share/texlive/texmf-dist/tex/latex/graphics/trig.sty
Package: trig 1999/03/16 v1.09 sin cos tan (DPC)
)
(/usr/share/texlive/texmf-dist/tex/latex/latexconfig/graphics.cfg
File: graphics.cfg 2010/04/23 v1.9 graphics configuration of TeX Live
)
Package graphics Info: Driver file: pdftex.def on input line 94.

(/usr/share/texlive/texmf-dist/tex/latex/pdftex-def/pdftex.def
File: pdftex.def 2011/05/27 v0.06d Graphics/color for pdfTeX
\Gread@gobject=\count99
))
\Gin@req@height=\dimen115
\Gin@req@width=\dimen116
)
(/usr/share/texlive/texmf-dist/tex/latex/svg/svg.sty
Package: svg 2012/09/05 v1.0 SVG inclusion and extraction

(/usr/share/texlive/texmf-dist/tex/latex/xkeyval/xkeyval.sty
Package: xkeyval 2014/12/03 v2.7a package option processing (HA)

(/usr/share/texlive/texmf-dist/tex/generic/xkeyval/xkeyval.tex
(/usr/share/texlive/texmf-dist/tex/generic/xkeyval/xkvutils.tex
\XKV@toks=\toks19
\XKV@tempa@toks=\toks20
)
\XKV@depth=\count100
File: xkeyval.tex 2014/12/03 v2.7a key=value parser (HA)
))
(/usr/share/texlive/texmf-dist/tex/latex/subfig/subfig.sty
Package: subfig 2005/06/28 ver: 1.3 subfig package

(/usr/share/texlive/texmf-dist/tex/latex/caption/caption.sty
Package: caption 2013/05/02 v3.3-89 Customizing captions (AR)

(/usr/share/texlive/texmf-dist/tex/latex/caption/caption3.sty
Package: caption3 2013/05/02 v1.6-88 caption3 kernel (AR)
Package caption3 Info: TeX engine: e-TeX on input line 57.
\captionmargin=\dimen117
\captionmargin@=\dimen118
\captionwidth=\dimen119
\caption@tempdima=\dimen120
\caption@indent=\dimen121
\caption@parindent=\dimen122
\caption@hangindent=\dimen123
)
\c@ContinuedFloat=\count101
Package caption Info: hyperref package is loaded.
)
\c@KVtest=\count102
\sf@farskip=\skip46
\sf@captopadj=\dimen124
\sf@capskip=\skip47
\sf@nearskip=\skip48
\c@subfigure=\count103
\c@subfigure@save=\count104
\c@lofdepth=\count105
\c@subtable=\count106
\c@subtable@save=\count107
\c@lotdepth=\count108
\sf@top=\skip49
\sf@bottom=\skip50
)
(/usr/share/texlive/texmf-dist/tex/latex/import/import.sty
Package: import 2009/03/23  v 5.1
)
(/usr/share/texlive/texmf-dist/tex/latex/oberdiek/transparent.sty
Package: transparent 2007/01/08 v1.0 Transparency via pdfTeX's color stack (HO)

)
(/usr/share/texlive/texmf-dist/tex/latex/xcolor/xcolor.sty
Package: xcolor 2007/01/21 v2.11 LaTeX color extensions (UK)

(/usr/share/texlive/texmf-dist/tex/latex/latexconfig/color.cfg
File: color.cfg 2007/01/18 v1.5 color configuration of teTeX/TeXLive
)
Package xcolor Info: Driver file: pdftex.def on input line 225.
Package xcolor Info: Model `cmy' substituted by `cmy0' on input line 1337.
Package xcolor Info: Model `hsb' substituted by `rgb' on input line 1341.
Package xcolor Info: Model `RGB' extended on input line 1353.
Package xcolor Info: Model `HTML' substituted by `rgb' on input line 1355.
Package xcolor Info: Model `Hsb' substituted by `hsb' on input line 1356.
Package xcolor Info: Model `tHsb' substituted by `hsb' on input line 1357.
Package xcolor Info: Model `HSB' substituted by `hsb' on input line 1358.
Package xcolor Info: Model `Gray' substituted by `gray' on input line 1359.
Package xcolor Info: Model `wave' substituted by `hsb' on input line 1360.
)
\SVG@out@width=\skip51
\SVG@out@height=\skip52
\c@svgfigure=\count109
)
(/usr/share/texlive/texmf-dist/tex/latex/float/float.sty
Package: float 2001/11/08 v1.3d Float enhancements (AL)
\c@float@type=\count110
\float@exts=\toks21
\float@box=\box26
\@float@everytoks=\toks22
\@floatcapt=\box27
)
(/usr/share/texlive/texmf-dist/tex/latex/titling/titling.sty
Package: titling 2009/09/04 v2.1d maketitle typesetting
\thanksmarkwidth=\skip53
\thanksmargin=\skip54
\droptitle=\skip55
)
(/usr/share/texlive/texmf-dist/tex/latex/listings/listings.sty
\lst@mode=\count111
\lst@gtempboxa=\box28
\lst@token=\toks23
\lst@length=\count112
\lst@currlwidth=\dimen125
\lst@column=\count113
\lst@pos=\count114
\lst@lostspace=\dimen126
\lst@width=\dimen127
\lst@newlines=\count115
\lst@lineno=\count116
\lst@maxwidth=\dimen128

(/usr/share/texlive/texmf-dist/tex/latex/listings/lstmisc.sty
File: lstmisc.sty 2015/06/04 1.6 (Carsten Heinz)
\c@lstnumber=\count117
\lst@skipnumbers=\count118
\lst@framebox=\box29
)
(/usr/share/texlive/texmf-dist/tex/latex/listings/listings.cfg
File: listings.cfg 2015/06/04 1.6 listings configuration
))
Package: listings 2015/06/04 1.6 (Carsten Heinz)

(/usr/share/texlive/texmf-local/texmf-compat/tex/latex/alloy.sty) (./RASD.aux)
\openout1 = `RASD.aux'.

LaTeX Font Info:    Checking defaults for OML/cmm/m/it on input line 42.
LaTeX Font Info:    ... okay on input line 42.
LaTeX Font Info:    Checking defaults for T1/cmr/m/n on input line 42.
LaTeX Font Info:    ... okay on input line 42.
LaTeX Font Info:    Checking defaults for OT1/cmr/m/n on input line 42.
LaTeX Font Info:    ... okay on input line 42.
LaTeX Font Info:    Checking defaults for OMS/cmsy/m/n on input line 42.
LaTeX Font Info:    ... okay on input line 42.
LaTeX Font Info:    Checking defaults for OMX/cmex/m/n on input line 42.
LaTeX Font Info:    ... okay on input line 42.
LaTeX Font Info:    Checking defaults for U/cmr/m/n on input line 42.
LaTeX Font Info:    ... okay on input line 42.
LaTeX Font Info:    Checking defaults for PD1/pdf/m/n on input line 42.
LaTeX Font Info:    ... okay on input line 42.
LaTeX Font Info:    Checking defaults for PU/pdf/m/n on input line 42.
LaTeX Font Info:    ... okay on input line 42.
\AtBeginShipoutBox=\box30
Package hyperref Info: Link coloring OFF on input line 42.

(/usr/share/texlive/texmf-dist/tex/latex/hyperref/nameref.sty
Package: nameref 2012/10/27 v2.43 Cross-referencing by name of section

(/usr/share/texlive/texmf-dist/tex/generic/oberdiek/gettitlestring.sty
Package: gettitlestring 2010/12/03 v1.4 Cleanup title references (HO)
)
\c@section@level=\count119
)
LaTeX Info: Redefining \ref on input line 42.
LaTeX Info: Redefining \pageref on input line 42.
LaTeX Info: Redefining \nameref on input line 42.

(./RASD.out) (./RASD.out)
\@outlinefile=\write3
\openout3 = `RASD.out'.


(/usr/share/texlive/texmf-dist/tex/context/base/supp-pdf.mkii
[Loading MPS to PDF converter (version 2006.09.02).]
\scratchcounter=\count120
\scratchdimen=\dimen129
\scratchbox=\box31
\nofMPsegments=\count121
\nofMParguments=\count122
\everyMPshowfont=\toks24
\MPscratchCnt=\count123
\MPscratchDim=\dimen130
\MPnumerator=\count124
\makeMPintoPDFobject=\count125
\everyMPtoPDFconversion=\toks25
) (/usr/share/texlive/texmf-dist/tex/latex/oberdiek/epstopdf-base.sty
Package: epstopdf-base 2010/02/09 v2.5 Base part for package epstopdf

(/usr/share/texlive/texmf-dist/tex/latex/oberdiek/grfext.sty
Package: grfext 2010/08/19 v1.1 Manage graphics extensions (HO)
)
Package grfext Info: Graphics extension search list:
(grfext)             [.png,.pdf,.jpg,.mps,.jpeg,.jbig2,.jb2,.PNG,.PDF,.JPG,.JPE
G,.JBIG2,.JB2,.eps]
(grfext)             \AppendGraphicsExtensions on input line 452.

(/usr/share/texlive/texmf-dist/tex/latex/latexconfig/epstopdf-sys.cfg
File: epstopdf-sys.cfg 2010/07/13 v1.3 Configuration of (r)epstopdf for TeX Liv
e
))
Package caption Info: Begin \AtBeginDocument code.
Package caption Info: subfig package v1.3 is loaded.
Package caption Info: float package is loaded.
Package caption Info: listings package is loaded.
Package caption Info: End \AtBeginDocument code.
\c@lstlisting=\count126

<../other/Logo_blu.png, id=160, 803.0pt x 501.875pt>
File: ../other/Logo_blu.png Graphic file (type png)

<use ../other/Logo_blu.png>
Package pdftex.def Info: ../other/Logo_blu.png used on input line 51.
(pdftex.def)             Requested size: 250.0pt x 156.24588pt.
LaTeX Font Info:    External font `cmex10' loaded for size
(Font)              <12> on input line 51.
LaTeX Font Info:    External font `cmex10' loaded for size
(Font)              <8> on input line 51.
LaTeX Font Info:    External font `cmex10' loaded for size
(Font)              <6> on input line 51.
 [1

{/usr/share/texlive/texmf-dist/fonts/map/pdftex/updmap/pdftex.map} <../other/Lo
go_blu.png>] (./RASD.toc
LaTeX Font Info:    External font `cmex10' loaded for size
(Font)              <7> on input line 3.
LaTeX Font Info:    External font `cmex10' loaded for size
(Font)              <5> on input line 3.
)
\tf@toc=\write4
\openout4 = `RASD.toc'.

 [2] [3]
LaTeX Font Info:    Try loading font information for OMS+cmr on input line 94.

(/usr/share/texlive/texmf-dist/tex/latex/base/omscmr.fd
File: omscmr.fd 2014/09/29 v2.5h Standard LaTeX font definitions
)
LaTeX Font Info:    Font shape `OMS/cmr/m/n' in size <10> not available
(Font)              Font shape `OMS/cmsy/m/n' tried instead on input line 94.
 [4] [5] [6]
<images/statechart.png, id=244, 959.08313pt x 542.77782pt>
File: images/statechart.png Graphic file (type png)

<use images/statechart.png>
Package pdftex.def Info: images/statechart.png used on input line 175.
(pdftex.def)             Requested size: 450.0pt x 254.67494pt.

<ClassDiagram.png, id=245, 1254.18562pt x 918.43124pt>
File: ClassDiagram.png Graphic file (type png)
 <use ClassDiagram.png>
Package pdftex.def Info: ClassDiagram.png used on input line 184.
(pdftex.def)             Requested size: 450.0pt x 329.52788pt.

[7 <./images/statechart.png>] [8 <./ClassDiagram.png>] [9] [10] [11] [12]
[13] <Mockups/web/Signup.png, id=300, 817.0525pt x 501.875pt>
File: Mockups/web/Signup.png Graphic file (type png)

<use Mockups/web/Signup.png>
Package pdftex.def Info: Mockups/web/Signup.png used on input line 374.
(pdftex.def)             Requested size: 345.0pt x 211.91943pt.

<Mockups/web/Login.png, id=301, 817.0525pt x 501.875pt>
File: Mockups/web/Login.png Graphic file (type png)

<use Mockups/web/Login.png>
Package pdftex.def Info: Mockups/web/Login.png used on input line 381.
(pdftex.def)             Requested size: 345.0pt x 211.91943pt.
 [14]
<Mockups/web/HomepageLogged.png, id=311, 817.0525pt x 501.875pt>
File: Mockups/web/HomepageLogged.png Graphic file (type png)

<use Mockups/web/HomepageLogged.png>
Package pdftex.def Info: Mockups/web/HomepageLogged.png used on input line 388.

(pdftex.def)             Requested size: 345.0pt x 211.91943pt.
 [15 <./Mockups/web/Signup.png> <./Mockups/web/Login.png>] [16 <./Mockups/web/H
omepageLogged.png>]
<Mockups/mobile/localization.png, id=326, 283.0575pt x 575.14874pt>
File: Mockups/mobile/localization.png Graphic file (type png)

<use Mockups/mobile/localization.png>
Package pdftex.def Info: Mockups/mobile/localization.png used on input line 401
.
(pdftex.def)             Requested size: 100.0pt x 203.19193pt.

<Mockups/mobile/MenuSX.png, id=327, 283.0575pt x 575.14874pt>
File: Mockups/mobile/MenuSX.png Graphic file (type png)

<use Mockups/mobile/MenuSX.png>
Package pdftex.def Info: Mockups/mobile/MenuSX.png used on input line 406.
(pdftex.def)             Requested size: 100.0pt x 203.19193pt.

Overfull \hbox (17.25105pt too wide) in paragraph at lines 399--409
 []$[]$$[]$ 
 []

<Mockups/mobile/FreeReservation.png, id=328, 283.0575pt x 575.14874pt>
File: Mockups/mobile/FreeReservation.png Graphic file (type png)

<use Mockups/mobile/FreeReservation.png>
Package pdftex.def Info: Mockups/mobile/FreeReservation.png used on input line 
415.
(pdftex.def)             Requested size: 100.0pt x 203.19193pt.

<Mockups/mobile/Unlock.png, id=329, 283.0575pt x 575.14874pt>
File: Mockups/mobile/Unlock.png Graphic file (type png)

<use Mockups/mobile/Unlock.png>
Package pdftex.def Info: Mockups/mobile/Unlock.png used on input line 420.
(pdftex.def)             Requested size: 100.0pt x 203.19193pt.

Overfull \hbox (17.25105pt too wide) in paragraph at lines 413--423
 []$[]$$[]$ 
 []

[17 <./Mockups/mobile/localization.png> <./Mockups/mobile/MenuSX.png> <./Mockup
s/mobile/FreeReservation.png> <./Mockups/mobile/Unlock.png>]
<Mockups/car/car.png, id=340, 592.2125pt x 347.2975pt>
File: Mockups/car/car.png Graphic file (type png)

<use Mockups/car/car.png>
Package pdftex.def Info: Mockups/car/car.png used on input line 442.
(pdftex.def)             Requested size: 345.0pt x 202.32826pt.
 [18 <./Mockups/car/car.png>] [19] [20] [21] [22]
[23] [24] [25] (./images/use_case_diag.pdf_tex
<images/use_case_diag.pdf, id=386, page=1, 1262.31598pt x 1304.07195pt>
File: images/use_case_diag.pdf Graphic file (type pdf)

<use images/use_case_diag.pdf, page 1>
Package pdftex.def Info: images/use_case_diag.pdf, page1 used on input line 52.

(pdftex.def)             Requested size: 500.0pt x 516.52553pt.
) [26] [27 <./images/use_case_diag.pdf>]
Overfull \vbox (0.58621pt too high) has occurred while \output is active []


[28] (./images/A_guest_registers_to_PowerEnJoy.pdf_tex
<images/A_guest_registers_to_PowerEnJoy.pdf, id=1006, page=1, 872.05798pt x 995
.72pt>
File: images/A_guest_registers_to_PowerEnJoy.pdf Graphic file (type pdf)
 <use images/A_guest_registers_to_PowerEnJoy.pdf, page 1>
Package pdftex.def Info: images/A_guest_registers_to_PowerEnJoy.pdf, page1 used
 on input line 52.
(pdftex.def)             Requested size: 450.0pt x 513.81189pt.
) [29]
(./images/A_user_logs_in_the_PowerEnjoy_application.pdf_tex
<images/A_user_logs_in_the_PowerEnjoy_application.pdf, id=1016, page=1, 919.435
pt x 555.67598pt>
File: images/A_user_logs_in_the_PowerEnjoy_application.pdf Graphic file (type p
df)

<use images/A_user_logs_in_the_PowerEnjoy_application.pdf, page 1>
Package pdftex.def Info: images/A_user_logs_in_the_PowerEnjoy_application.pdf, 
page1 used on input line 52.
(pdftex.def)             Requested size: 450.0pt x 271.9699pt.
) [30 <./images/A_guest_registers_to_PowerEnJoy.pdf>] [31]
(./images/A_user_searches_an_available_car_near_his_position..pdf_tex
<images/A_user_searches_an_available_car_near_his_position.pdf, id=1371, page=1
, 778.91pt x 764.45598pt>
File: images/A_user_searches_an_available_car_near_his_position.pdf Graphic fil
e (type pdf)

<use images/A_user_searches_an_available_car_near_his_position.pdf, page 1>
Package pdftex.def Info: images/A_user_searches_an_available_car_near_his_posit
ion.pdf, page1 used on input line 52.
(pdftex.def)             Requested size: 450.0pt x 441.64674pt.
)
[32 <./images/A_user_logs_in_the_PowerEnjoy_application.pdf>] [33]
(./images/A_user_searches_an_available_car_in_a_specific_position..pdf_tex
<images/A_user_searches_an_available_car_in_a_specific_position.pdf, id=1586, p
age=1, 762.85pt x 724.30597pt>
File: images/A_user_searches_an_available_car_in_a_specific_position.pdf Graphi
c file (type pdf)

<use images/A_user_searches_an_available_car_in_a_specific_position.pdf, page 1
>
Package pdftex.def Info: images/A_user_searches_an_available_car_in_a_specific_
position.pdf, page1 used on input line 52.
(pdftex.def)             Requested size: 450.0pt x 427.25946pt.
) [34 <./images/A_user_searches_an_available_car_near_his_position.pdf>]
[35] (./images/A_user_reserves_a_car..pdf_tex
<images/A_user_reserves_a_car.pdf, id=1830, page=1, 708.24597pt x 550.055pt>
File: images/A_user_reserves_a_car.pdf Graphic file (type pdf)

<use images/A_user_reserves_a_car.pdf, page 1>
Package pdftex.def Info: images/A_user_reserves_a_car.pdf, page1 used on input 
line 52.
(pdftex.def)             Requested size: 450.0pt x 349.49927pt.
) [36 <./images/A_user_searches_an_available_car_in_a_specific_position.pdf>] [
37]
(./images/A_user_cancels_a_reservation_for_a_car..pdf_tex
<images/A_user_cancels_a_reservation_for_a_car.pdf, id=2070, page=1, 729.12402p
t x 550.055pt>
File: images/A_user_cancels_a_reservation_for_a_car.pdf Graphic file (type pdf)

 <use images/A_user_cancels_a_reservation_for_a_car.pdf, page 1>
Package pdftex.def Info: images/A_user_cancels_a_reservation_for_a_car.pdf, pag
e1 used on input line 52.
(pdftex.def)             Requested size: 450.0pt x 339.49463pt.
) [38 <./images/A_user_reserves_a_car.pdf>] [39]
(./images/A_user_unlocks_the_car_with_the_QR_code_printed_on_the_car..pdf_tex
<images/A_user_unlocks_the_car_with_the_QR_code_printed_on_the_car.pdf, id=2272
, page=1, 880.08798pt x 587.79597pt>
File: images/A_user_unlocks_the_car_with_the_QR_code_printed_on_the_car.pdf Gra
phic file (type pdf)

<use images/A_user_unlocks_the_car_with_the_QR_code_printed_on_the_car.pdf, pag
e 1>
Package pdftex.def Info: images/A_user_unlocks_the_car_with_the_QR_code_printed
_on_the_car.pdf, page1 used on input line 52.
(pdftex.def)             Requested size: 450.0pt x 300.55228pt.
) [40 <./images/A_user_cancels_a_reservation_for_a_car.pdf>] [41]
(./images/A_user_unlocks_the_car_using_his_position..pdf_tex
<images/A_user_unlocks_the_car_using_his_position.pdf, id=2415, page=1, 756.425
98pt x 591.81097pt>
File: images/A_user_unlocks_the_car_using_his_position.pdf Graphic file (type p
df)

<use images/A_user_unlocks_the_car_using_his_position.pdf, page 1>
Package pdftex.def Info: images/A_user_unlocks_the_car_using_his_position.pdf, 
page1 used on input line 52.
(pdftex.def)             Requested size: 450.0pt x 352.0732pt.
) [42 <./images/A_user_unlocks_the_car_with_the_QR_code_printed_on_the_car.pdf>
] [43]
(./images/A_user_ends_the_ride..pdf_tex
<images/A_user_ends_the_ride.pdf, id=2595, page=1, 743.57799pt x 693.792pt>
File: images/A_user_ends_the_ride.pdf Graphic file (type pdf)

<use images/A_user_ends_the_ride.pdf, page 1>
Package pdftex.def Info: images/A_user_ends_the_ride.pdf, page1 used on input l
ine 52.
(pdftex.def)             Requested size: 450.0pt x 419.87778pt.
) [44 <./images/A_user_unlocks_the_car_using_his_position.pdf>] [45]
(./images/A_user_parks_the_car_without_ending_the_ride..pdf_tex
<images/A_user_parks_the_car_without_ending_the_ride.pdf, id=2781, page=1, 706.
64pt x 553.26701pt>
File: images/A_user_parks_the_car_without_ending_the_ride.pdf Graphic file (typ
e pdf)

<use images/A_user_parks_the_car_without_ending_the_ride.pdf, page 1>
Package pdftex.def Info: images/A_user_parks_the_car_without_ending_the_ride.pd
f, page1 used on input line 52.
(pdftex.def)             Requested size: 450.0pt x 352.33371pt.
) [46 <./images/A_user_ends_the_ride.pdf>] [47]
(./images/A_user_ends_a_ride_after_choose_to_park_the_car_temporally..pdf_tex
<images/A_user_ends_a_ride_after_choose_to_park_the_car_temporally.pdf, id=3103
, page=1, 831.90799pt x 550.055pt>
File: images/A_user_ends_a_ride_after_choose_to_park_the_car_temporally.pdf Gra
phic file (type pdf)

<use images/A_user_ends_a_ride_after_choose_to_park_the_car_temporally.pdf, pag
e 1>
Package pdftex.def Info: images/A_user_ends_a_ride_after_choose_to_park_the_car
_temporally.pdf, page1 used on input line 52.
(pdftex.def)             Requested size: 450.0pt x 297.54564pt.
) [48 <./images/A_user_parks_the_car_without_ending_the_ride.pdf>] [49]
[50 <./images/A_user_ends_a_ride_after_choose_to_park_the_car_temporally.pdf>]
(./images/The_system_suggests_to_the_user_a_PGS_to_park_the_car_and_save_money.
.pdf_tex
<images/The_system_suggests_to_the_user_a_PGS_to_park_the_car_and_save_money.pd
f, id=3550, page=1, 756.42598pt x 559.69098pt>
File: images/The_system_suggests_to_the_user_a_PGS_to_park_the_car_and_save_mon
ey.pdf Graphic file (type pdf)

<use images/The_system_suggests_to_the_user_a_PGS_to_park_the_car_and_save_mone
y.pdf, page 1>
Package pdftex.def Info: images/The_system_suggests_to_the_user_a_PGS_to_park_t
he_car_and_save_money.pdf, page1 used on input line 52.
(pdftex.def)             Requested size: 450.0pt x 332.96475pt.
) [51] (./images/Payment..pdf_tex
<images/Payment.pdf, id=3569, page=1, 706.64pt x 750.00201pt>
File: images/Payment.pdf Graphic file (type pdf)

<use images/Payment.pdf, page 1>
Package pdftex.def Info: images/Payment.pdf, page1 used on input line 52.
(pdftex.def)             Requested size: 450.0pt x 477.61928pt.
) [52 <./images/The_system_suggests_to_the_user_a_PGS_to_park_the_car_and_save_
money.pdf>] [53]
(./images/User_pays_a_pending_bill..pdf_tex
<images/User_pays_a_pending_bill.pdf, id=3792, page=1, 1090.47403pt x 839.93799
pt>
File: images/User_pays_a_pending_bill.pdf Graphic file (type pdf)
 <use images/User_pays_a_pending_bill.pdf, page 1>
Package pdftex.def Info: images/User_pays_a_pending_bill.pdf, page1 used on inp
ut line 52.
(pdftex.def)             Requested size: 450.0pt x 346.60686pt.
) [54 <./images/Payment.pdf>] [55] (./images/A_user_informs_the_system_of_a_pro
blem..pdf_tex
<images/A_user_informs_the_system_of_a_problem.pdf, id=4033, page=1, 758.03201p
t x 720.29097pt>
File: images/A_user_informs_the_system_of_a_problem.pdf Graphic file (type pdf)


<use images/A_user_informs_the_system_of_a_problem.pdf, page 1>
Package pdftex.def Info: images/A_user_informs_the_system_of_a_problem.pdf, pag
e1 used on input line 52.
(pdftex.def)             Requested size: 450.0pt x 427.60576pt.
) [56 <./images/User_pays_a_pending_bill.pdf>] [57] [58 <./images/A_user_inform
s_the_system_of_a_problem.pdf>] <images/workload_aggiornato.png, id=4559, 698.6
1pt x 473.77pt>
File: images/workload_aggiornato.png Graphic file (type png)

<use images/workload_aggiornato.png>
Package pdftex.def Info: images/workload_aggiornato.png used on input line 1272
.
(pdftex.def)             Requested size: 300.0pt x 203.44965pt.
 [59 <./images/workload_aggiornato.png>]
[60]
LaTeX Font Info:    Try loading font information for T1+cmtt on input line 1311
.
 (/usr/share/texlive/texmf-dist/tex/latex/base/t1cmtt.fd
File: t1cmtt.fd 2014/09/29 v2.5h Standard LaTeX font definitions
)
Package hyperref Info: bookmark level for unknown lstlisting defaults to 0 on i
nput line 1313.
LaTeX Font Info:    Try loading font information for T1+pcr on input line 1313.


(/usr/share/texlive/texmf-dist/tex/latex/psnfss/t1pcr.fd
File: t1pcr.fd 2001/06/04 font definitions for T1/pcr.
)
(./powerenjoy_alloy.als
LaTeX Font Info:    Font shape `T1/pcr/bx/n' in size <9> not available
(Font)              Font shape `T1/pcr/b/n' tried instead on input line 1.
LaTeX Font Info:    External font `cmex10' loaded for size
(Font)              <9> on input line 3.

Overfull \hbox (42.3807pt too wide) in paragraph at lines 5--6
[][][][][][][][][][][][][][][][][][][][][][][][][][][][][][][][][][][][][][][][
][][][][][] 
 []


Overfull \hbox (53.18082pt too wide) in paragraph at lines 12--13
[][][][][][][][][][][][][][][][][][][][][][][][][][][][][][][][][][][][][][][][
][][][][][][][][][][][][][][] 
 []

LaTeX Font Info:    Try loading font information for OMS+pcr on input line 17.
(/usr/share/texlive/texmf-dist/tex/latex/psnfss/omspcr.fd
File: omspcr.fd 
)
LaTeX Font Info:    Font shape `OMS/pcr/m/n' in size <9> not available
(Font)              Font shape `OMS/cmsy/m/n' tried instead on input line 17.

Overfull \hbox (53.18082pt too wide) in paragraph at lines 18--19
[][][][][][][][][][][][][][][][][][][][][][][][][][][][][][][][][][][][][][][][
][][][][][][][][][][][][][][][][][][][][][] 
 []


Overfull \hbox (15.38043pt too wide) in paragraph at lines 20--21
[][][][][][][][][][][][][][][][][][][][][][][][][][][][][][][][][][][][][][][][
][][][][][][][][][][][][][][][][][][] 
 []


Overfull \hbox (80.18109pt too wide) in paragraph at lines 30--31
[][][][][][][][][][][][][][][][][][][][][][] 
 []


Overfull \hbox (20.78049pt too wide) in paragraph at lines 37--38
[][][][][][][][][][][][][][][][][][][][][][][] 
 []


Overfull \hbox (20.78049pt too wide) in paragraph at lines 38--39
[][][][][][][][][][][][][][][][][][][][][][][][] 
 []


Overfull \hbox (47.78076pt too wide) in paragraph at lines 41--42
[][][][][][][][][][][][][][][][][][][][][][][][][][][][][][][][][][][][][][][][
][][][][][][][][][][][][][][][][][][][][][]
 []

[61]
Overfull \hbox (90.9812pt too wide) in paragraph at lines 46--47
[][][][][][][][][][][][][][][][][][][][][][][][][][][][][][][][][][][][][][][][
][] 
 []


Overfull \hbox (4.58032pt too wide) in paragraph at lines 50--51
[][][][][][][][][][][][][][][][][][][][][][][]
 []


Overfull \hbox (26.18054pt too wide) in paragraph at lines 50--51
[][][][][][][][][][][][][][][][][][][][][][][][][][][][][][][][][][][][][][] 
 []


Overfull \hbox (58.58087pt too wide) in paragraph at lines 58--59
[][][][][][][][][][][][][][][][][][][][][][] 
 []


Overfull \hbox (4.58032pt too wide) in paragraph at lines 59--61
[][][][][][][][][][][][][][][][][][] 
 []


Overfull \hbox (215.18246pt too wide) in paragraph at lines 62--64
[][][][][][][][][][][][][][][][][][][][][][][][][][][][][][][][][][][][] 
 []


Overfull \hbox (58.58087pt too wide) in paragraph at lines 80--81
[][][][][][][][][][][][][][][][][][][][][][][][][][][][][][][][]
 []


Overfull \hbox (107.18137pt too wide) in paragraph at lines 81--82
[][][][][][][][][][][][][][][][][][][][][][][][][][][][][][][][]
 []


Overfull \hbox (47.78076pt too wide) in paragraph at lines 82--83
[][][][][][][][][][][][][][][][][][][][][][][][][] 
 []

[62]
Overfull \hbox (20.78049pt too wide) in paragraph at lines 128--130
[][][][][][][][][][][][][][][][][][][] 
 []

[63]
Overfull \hbox (193.58224pt too wide) in paragraph at lines 138--139
[][][][][][][][][][][][][][][][][][][][][][][][][][][][][][][][][][][][][][][][
][][][][][][][][][][][][][][][][][][][][][][] 
 []


Overfull \hbox (36.98065pt too wide) in paragraph at lines 142--143
[][][][][][][][][][][][][][][][][][][][][][][][][][][][][] 
 []


Overfull \hbox (825.38867pt too wide) in paragraph at lines 156--157
[][][][][][][][][][][][][][][][][][][][][][][][][][][][][][][][][][][][][][][][
][][][][][][][][][][][][][][][][][][][]
 []


Overfull \hbox (47.78076pt too wide) in paragraph at lines 156--157
[][][][][][][][][][][][][][] 
 []


Overfull \hbox (819.98862pt too wide) in paragraph at lines 157--158
[][][][][][][][][][][][][][][][][][][][][][][][][][][][][][][][][][][][][][][][
][][][][][][][][][][][][][][][][][][]
 []


Overfull \hbox (144.98175pt too wide) in paragraph at lines 157--158
[][][][][][][][][][][][][][][][] 
 []


Overfull \hbox (819.98862pt too wide) in paragraph at lines 158--159
[][][][][][][][][][][][][][][][][][][][][][][][][][][][][][][][][][][][][][][][
][][][][][][][][][][][][][][][][][][]
 []


Overfull \hbox (144.98175pt too wide) in paragraph at lines 158--159
[][][][][][][][][][][][][][][][] 
 []


Overfull \hbox (1775.79834pt too wide) in paragraph at lines 159--160
[][][][][][][][][][][][][][][][][][][][][][][][][][][][][][][][][][][][][][][][
][][][][][][][][][][][][][][][][][][][][][][][][][][][][][][][][][][][][][][][]
[][][][][][][][][][][][][][][][][][][][][][][][][][][]
 []


Overfull \hbox (144.98175pt too wide) in paragraph at lines 159--160
[][][][][][][][][][][][][][][][] 
 []


Overfull \hbox (819.98862pt too wide) in paragraph at lines 160--161
[][][][][][][][][][][][][][][][][][][][][][][][][][][][][][][][][][][][][][][][
][][][][][][][][][][][][][][][][][][]
 []


Overfull \hbox (144.98175pt too wide) in paragraph at lines 160--161
[][][][][][][][][][][][][][][][] 
 []


Overfull \hbox (814.58856pt too wide) in paragraph at lines 161--162
[][][][][][][][][][][][][][][][][][][][][][][][][][][][][][][][][][][][][][][][
][][][][][][][][][][][][][][][][]
 []


Overfull \hbox (144.98175pt too wide) in paragraph at lines 161--162
[][][][][][][][][][][][][][][][] 
 []


Overfull \hbox (809.1885pt too wide) in paragraph at lines 162--163
[][][][][][][][][][][][][][][][][][][][][][][][][][][][][][][][][][][][][][][][
][][][][][][][][][][][][][][][][][]
 []


Overfull \hbox (144.98175pt too wide) in paragraph at lines 162--163
[][][][][][][][][][][][][][][][] 
 []


Overfull \hbox (819.98862pt too wide) in paragraph at lines 163--164
[][][][][][][][][][][][][][][][][][][][][][][][][][][][][][][][][][][][][][][][
][][][][][][][][][][][][][][][][][]
 []


Overfull \hbox (150.3818pt too wide) in paragraph at lines 163--164
[][][][][][][][][][][][][][][][] 
 []


Overfull \hbox (814.58856pt too wide) in paragraph at lines 164--165
[][][][][][][][][][][][][][][][][][][][][][][][][][][][][][][][][][][][][][][][
][][][][][][][][][][][][][][][][][][]
 []


Overfull \hbox (150.3818pt too wide) in paragraph at lines 164--165
[][][][][][][][][][][][][][][][] 
 []


Overfull \hbox (814.58856pt too wide) in paragraph at lines 165--166
[][][][][][][][][][][][][][][][][][][][][][][][][][][][][][][][][][][][][][][][
][][][][][][][][][][][][][][][][]
 []


Overfull \hbox (150.3818pt too wide) in paragraph at lines 165--166
[][][][][][][][][][][][][][][][] 
 []


Overfull \hbox (814.58856pt too wide) in paragraph at lines 166--167
[][][][][][][][][][][][][][][][][][][][][][][][][][][][][][][][][][][][][][][][
][][][][][][][][][][][][][][][][][][]
 []


Overfull \hbox (144.98175pt too wide) in paragraph at lines 166--167
[][][][][][][][][][][][][][][][] 
 []


Overfull \hbox (814.58856pt too wide) in paragraph at lines 167--168
[][][][][][][][][][][][][][][][][][][][][][][][][][][][][][][][][][][][][][][][
][][][][][][][][][][][][][][][][]
 []


Overfull \hbox (144.98175pt too wide) in paragraph at lines 167--168
[][][][][][][][][][][][][][][][] 
 []


Overfull \hbox (809.1885pt too wide) in paragraph at lines 168--169
[][][][][][][][][][][][][][][][][][][][][][][][][][][][][][][][][][][][][][][][
][][][][][][][][][][][][][][][][][]
 []


Overfull \hbox (144.98175pt too wide) in paragraph at lines 168--169
[][][][][][][][][][][][][][][][] 
 []


Overfull \hbox (814.58856pt too wide) in paragraph at lines 169--170
[][][][][][][][][][][][][][][][][][][][][][][][][][][][][][][][][][][][][][][][
][][][][][][][][][][][][][][][][]
 []


Overfull \hbox (144.98175pt too wide) in paragraph at lines 169--170
[][][][][][][][][][][][][][][][] 
 []


Overfull \hbox (809.1885pt too wide) in paragraph at lines 170--171
[][][][][][][][][][][][][][][][][][][][][][][][][][][][][][][][][][][][][][][][
][][][][][][][][][][][][][][][][][]
 []


Overfull \hbox (144.98175pt too wide) in paragraph at lines 170--171
[][][][][][][][][][][][][][][][] 
 []


Overfull \hbox (809.1885pt too wide) in paragraph at lines 171--172
[][][][][][][][][][][][][][][][][][][][][][][][][][][][][][][][][][][][][][][][
][][][][][][][][][][][][][][][]
 []


Overfull \hbox (144.98175pt too wide) in paragraph at lines 171--172
[][][][][][][][][][][][][][][][] 
 []

[64]
Overfull \hbox (803.78845pt too wide) in paragraph at lines 172--174
[][][][][][][][][][][][][][][][][][][][][][][][][][][][][][][][][][][][][][][][
][][][][][][][][][][][][][][][][]
 []


Overfull \hbox (144.98175pt too wide) in paragraph at lines 172--174
[][][][][][][][][][][][][][][][] 
 []


Overfull \hbox (134.18164pt too wide) in paragraph at lines 189--190
[][][][][][][][][][][][][][][][][][][][][][][][][][][][][][][][][][][][][][][][
] 
 []


Overfull \hbox (171.98203pt too wide) in paragraph at lines 213--214
[][][][][][][][][][][][][][][][][][][][][][][][][][][][][][][][][][][][][][][][
] 
 []


Overfull \hbox (53.18082pt too wide) in paragraph at lines 219--220
[][][][][][][][][][][][][][][][][][][][][][][][][][][][][]
 []

[65]
Overfull \hbox (123.38153pt too wide) in paragraph at lines 224--225
[][][][][][][][][][][][][][][][][][][][][][][][][][][][][][][][][][][][][][][][
] 
 []


Overfull \hbox (42.3807pt too wide) in paragraph at lines 229--230
[][][][][][][][][][][][][][][][][][][][][][][][][][][][][][][][][] 
 []


Overfull \hbox (4.58032pt too wide) in paragraph at lines 233--234
[][][][][][][][][][][][][][][][][][][][][][][][][][][][][][][][][][][][][][][] 

 []


Overfull \hbox (26.18054pt too wide) in paragraph at lines 239--240
[][][][][][][][][][][][][][][][][][][][][][][][][][][][][]
 []


Overfull \hbox (36.98065pt too wide) in paragraph at lines 243--244
[][][][][][][][][][][][][][][][][][][][][][][][][][][][][]
 []


Overfull \hbox (31.5806pt too wide) in paragraph at lines 247--248
[][][][][][][][][][][][][][][][][][][][][][][][][][][][][]
 []


Overfull \hbox (26.18054pt too wide) in paragraph at lines 251--252
[][][][][][][][][][][][][][][][][][][][][][][][][][][][] 
 []


Overfull \hbox (80.18109pt too wide) in paragraph at lines 255--256
[][][][][][][][][][][][][][][][][][][][][][][][][][][][][][][][][][][][][][][][
]
 []


Overfull \hbox (4.58032pt too wide) in paragraph at lines 261--262
[][][][][][][][][][][][][][][][][][][][][][][][][][][][][]
 []

[66]
Overfull \hbox (36.98065pt too wide) in paragraph at lines 265--266
[][][][][][][][][][][][][][][][][][][][][][][][][][][][][][][][][] 
 []


Overfull \hbox (117.98148pt too wide) in paragraph at lines 269--270
[][][][][][][][][][][][][][][][][][][][][][][][][][][][][][][][][][][][][][][][
][][][][]
 []


Overfull \hbox (53.18082pt too wide) in paragraph at lines 277--278
[][][][][][][][][][][][][][][][][][][][][][][][][][][][][][][][][][][][][][][] 

 []


Overfull \hbox (188.18219pt too wide) in paragraph at lines 283--284
[][][][][][][][][][][][][][][][][][][][][][][][][][][][][][][][][][][][][][][][
] 
 []


Overfull \hbox (15.38043pt too wide) in paragraph at lines 287--288
[][][][][][][][][][][][][][][][][][][][][][][][][][][][]
 []


Overfull \hbox (36.98065pt too wide) in paragraph at lines 287--288
[][][][][][][][][][][][][][][][][][][][] 
 []


Overfull \hbox (47.78076pt too wide) in paragraph at lines 291--292
[][][][][][][][][][][][][][][][][][][][][][][][][][][][][][][][][][]
 []


Overfull \hbox (9.98038pt too wide) in paragraph at lines 295--296
[][][][][][][][][][][][][][][][][][][][][][][][][][][][][][]
 []


Overfull \hbox (4.58032pt too wide) in paragraph at lines 299--300
[][][][][][][][][][][][][][][][][][][][][][][][][][] 
 []


Overfull \hbox (90.9812pt too wide) in paragraph at lines 303--304
[][][][][][][][][][][][][][][][][][][][][][][][][][][][][][][][][][][][][][][] 

 []


Overfull \hbox (58.58087pt too wide) in paragraph at lines 307--308
[][][][][][][][][][][][][][][][][][][][][][][][][][][][][][][][][][][]
 []

[67]
Overfull \hbox (85.58115pt too wide) in paragraph at lines 313--314
[][][][][][][][][][][][][][][][][][][][][][][][][][][][][][][][][][][][][]
 []


Overfull \hbox (31.5806pt too wide) in paragraph at lines 313--314
[][][][][][][][][][][][][][][][][][][][][][][][][][]
 []


Overfull \hbox (42.3807pt too wide) in paragraph at lines 317--318
[][][][][][][][][][][][][][][][][][][][][][][][][][][][][][][][][][][][]
 []


Overfull \hbox (58.58087pt too wide) in paragraph at lines 327--328
[][][][][][][][][][][][][][][][][][][][][][][][][][][][] 
 []


Overfull \hbox (42.3807pt too wide) in paragraph at lines 335--336
[][][][][][][][][][][][][][][][][][][][][][][][][][] 
 []


Overfull \hbox (80.18109pt too wide) in paragraph at lines 341--342
[][][][][][][][][][][][][][][][][][][][][][][][][][][][][][][][][][][][][][][][
][][][][][][][]
 []


Overfull \hbox (4.58032pt too wide) in paragraph at lines 341--342
[][][][][][][][][][][][][][][][][][][][][][][][][][][][][][][]
 []


Overfull \hbox (63.98093pt too wide) in paragraph at lines 349--350
[][][][][][][][][][][][][][][][][][][][][][][][][][][][][][][][][][][]
 []

[68]
Overfull \hbox (31.5806pt too wide) in paragraph at lines 353--354
[][][][][][][][][][][][][][][][][][][][][][][][][][][][][][][]
 []


Overfull \hbox (96.38126pt too wide) in paragraph at lines 363--364
[][][][][][][][][][][][][][][][][][][][][][][][][][][][][][][][][][][][][][][][
][][][][] 
 []


Overfull \hbox (9.98038pt too wide) in paragraph at lines 367--368
[][][][][][][][][][][][][][][][][][][][][][][][][][][][][][][][][][][][][][]
 []


Overfull \hbox (58.58087pt too wide) in paragraph at lines 371--372
[][][][][][][][][][][][][][][][][][][][][][][][][][][][][][][][][][][]
 []


Overfull \hbox (9.98038pt too wide) in paragraph at lines 375--376
[][][][][][][][][][][][][][][][][][][][][][][][][][][][][][][][][][][][][][][]
 []


Overfull \hbox (85.58115pt too wide) in paragraph at lines 375--376
[][][][][][][][][][][][][][][][][][][][][][][][][][][][] 
 []


Overfull \hbox (4.58032pt too wide) in paragraph at lines 379--380
[][][][][][][][][][][][][][][][][][][][][][][][][][] 
 []


Overfull \hbox (74.78104pt too wide) in paragraph at lines 383--384
[][][][][][][][][][][][][][][][][][][][][][][][][][][][][][][][][][][][][][][]
 []


Overfull \hbox (112.58142pt too wide) in paragraph at lines 383--384
[][][][][][][][][][][][][][][][][][][][][][][][][][][][][][][][][][][][][][][][
][][]
 []


Overfull \hbox (458.18494pt too wide) in paragraph at lines 386--388
[][][][][][][][][][][][][][][][][][][][][][] 
 []


Overfull \hbox (31.5806pt too wide) in paragraph at lines 388--389
[][][][][][][][][][][][][][][][][][][][][][][][][][][][][][][][][][][] 
 []


Overfull \hbox (4.58032pt too wide) in paragraph at lines 390--391
[][][][][][][][][][][][][][][][][][][] 
 []


Overfull \hbox (58.58087pt too wide) in paragraph at lines 393--394
[][][][][][][][][][][][][][][][][][][][][][][][][][][][][] 
 []


Overfull \hbox (171.98203pt too wide) in paragraph at lines 394--395
[][][][][][][][][][][][][][][][][][][][][][][][][][][][][][][][][][][][][][][][
][][] 
 []

[69]
Overfull \hbox (69.38098pt too wide) in paragraph at lines 397--398
[][][][][][][][][][][][][][][][][][][][][][][][][][][][][][][][][][][][][][][][
][][][][][][][][][][][][][][] 
 []


Overfull \hbox (9.98038pt too wide) in paragraph at lines 398--399
[][][][][][][][][][][][][][][][][][][][][][][][][][][][] 
 []


Overfull \hbox (117.98148pt too wide) in paragraph at lines 400--401
[][][][][][][][][][][][][][][][][][][][][][][][][][][][][]
 []


Overfull \hbox (279.98312pt too wide) in paragraph at lines 419--420
[][][][][][][][][][][][][][][][][][][][][][][][][][][][][][][][][][][][][][][][
][] 
 []


Overfull \hbox (4.58032pt too wide) in paragraph at lines 422--423
[][][][][][][][][][][][][][][][][] 
 []


Overfull \hbox (204.38235pt too wide) in paragraph at lines 423--424
[][][][][][][][][][][][][][][][][][][][][][][][][][][][][][][][][][][][][][][][
][][][][][][][][][][][][][][] 
 []

) <World.png, id=5016, 2739.23375pt x 736.7525pt>
File: World.png Graphic file (type png)
 <use World.png>
Package pdftex.def Info: World.png used on input line 1319.
(pdftex.def)             Requested size: 669.21638pt x 180.0pt.
 [70]
Overfull \vbox (55.85812pt too high) has occurred while \output is active []


[71 <./World.png (PNG copy)>] [72]
Package atveryend Info: Empty hook `BeforeClearDocument' on input line 1346.
 [73]
Package atveryend Info: Empty hook `AfterLastShipout' on input line 1346.
 (./RASD.aux)
Package atveryend Info: Executing hook `AtVeryEndDocument' on input line 1346.
Package atveryend Info: Executing hook `AtEndAfterFileList' on input line 1346.



Package rerunfilecheck Warning: File `RASD.out' has changed.
(rerunfilecheck)                Rerun to get outlines right
(rerunfilecheck)                or use package `bookmark'.

Package rerunfilecheck Info: Checksums for `RASD.out':
(rerunfilecheck)             Before: EA61ADFA22BE03648F1D645AFDD7FDED;6040
(rerunfilecheck)             After:  47623174215501CDA4EA9513B1562271;6030.
Package atveryend Info: Empty hook `AtVeryVeryEnd' on input line 1346.
 ) 
Here is how much of TeX's memory you used:
 14100 strings out of 494992
 202711 string characters out of 6180930
 329640 words of memory out of 5000000
 16361 multiletter control sequences out of 15000+600000
 17905 words of font info for 43 fonts, out of 8000000 for 9000
 14 hyphenation exceptions out of 8191
 68i,10n,98p,520b,1915s stack positions out of 5000i,500n,10000p,200000b,80000s
pdfTeX warning (dest): name{subsubsection.3.3.1} has been referenced but does
 not exist, replaced by a fixed one

{/usr/share/texlive/texmf-dist/fonts/enc/dvips/cm-super/cm-super-t1.enc}{/usr/s
hare/texlive/texmf-dist/fonts/enc/dvips/base/8r.enc}</usr/share/texlive/texmf-d
ist/fonts/type1/public/amsfonts/cm/cmr9.pfb></usr/share/texlive/texmf-dist/font
s/type1/public/amsfonts/cm/cmsy10.pfb></usr/share/texlive/texmf-dist/fonts/type
1/public/amsfonts/cm/cmsy9.pfb></usr/share/texlive/texmf-dist/fonts/type1/publi
c/cm-super/sfbx1000.pfb></usr/share/texlive/texmf-dist/fonts/type1/public/cm-su
per/sfbx1200.pfb></usr/share/texlive/texmf-dist/fonts/type1/public/cm-super/sfb
x1440.pfb></usr/share/texlive/texmf-dist/fonts/type1/public/cm-super/sfrm0500.p
fb></usr/share/texlive/texmf-dist/fonts/type1/public/cm-super/sfrm0700.pfb></us
r/share/texlive/texmf-dist/fonts/type1/public/cm-super/sfrm1000.pfb></usr/share
/texlive/texmf-dist/fonts/type1/public/cm-super/sfrm1200.pfb></usr/share/texliv
e/texmf-dist/fonts/type1/public/cm-super/sfrm1728.pfb></usr/share/texlive/texmf
-dist/fonts/type1/public/cm-super/sfti1000.pfb></usr/share/texlive/texmf-dist/f
onts/type1/public/cm-super/sfti1728.pfb></usr/share/texlive/texmf-dist/fonts/ty
pe1/public/cm-super/sftt1000.pfb></usr/share/texlive/texmf-dist/fonts/type1/urw
/courier/ucrb8a.pfb></usr/share/texlive/texmf-dist/fonts/type1/urw/courier/ucrr
8a.pfb>
Output written on RASD.pdf (73 pages, 2273362 bytes).
PDF statistics:
 5293 PDF objects out of 6186 (max. 8388607)
 3853 compressed objects within 39 object streams
 748 named destinations out of 1000 (max. 500000)
 458 words of extra memory for PDF output out of 10000 (max. 10000000)

